[debug] > Exec(;clean ;compile ;run ;4, None, None)
[debug] > Exec(clean, None, None)
[debug] Evaluating tasks: clean
[debug] Running task... Cancel: Signal, check cycles: false, forcegc: true
[success] Total time: 0 s, completed Feb 7, 2022, 10:10:48 AM
[debug] > Exec(compile, None, None)
[debug] Evaluating tasks: Compile / compile
[debug] Running task... Cancel: Signal, check cycles: false, forcegc: true
[info] compiling 1 Scala source to C:\Users\giancarlo.scattolin\projects\private\scala\HackerRank\target\scala-3.1.1\classes ...
[info] done compiling
[success] Total time: 0 s, completed Feb 7, 2022, 10:10:49 AM
[debug] > Exec(run, None, None)
[debug] Evaluating tasks: Compile / run
[debug] Running task... Cancel: Signal, check cycles: false, forcegc: true
[success] Total time: 0 s, completed Feb 7, 2022, 10:10:49 AM
[debug] > Exec(4, None, None)
[error] Expected letter
[error] Expected symbol
[error] Expected '+'
[error] Expected '++'
[error] Expected 'java++'
[error] Expected 'java+'
[error] Expected '^'
[error] Expected '^^'
[error] Expected '+-'
[error] Expected 'debug'
[error] Expected 'info'
[error] Expected 'warn'
[error] Expected 'error'
[error] Expected 'addPluginSbtFile'
[error] Expected 'sbtRebootNetwork'
[error] Expected 'show'
[error] Expected 'print'
[error] Expected 'all'
[error] Expected 'Global'
[error] Expected '*'
[error] Expected 'Zero'
[error] Expected 'ThisBuild'
[error] Expected 'ProjectRef('
[error] Expected '{'
[error] Expected project ID
[error] Expected configuration
[error] Expected configuration ident
[error] Expected key
[error] Expected '__disconnectNetworkChannel'
[error] Expected '__waitWatch'
[error] Expected 'sbtPromptChannel'
[error] Expected end of input.
[error] Expected 'sbtRebootImpl'
[error] Expected 'early('
[error] Expected '-'
[error] Expected '--'
[error] Expected '!'
[error] Expected 'sbtReportResult'
[error] Expected 'sbtMapExec'
[error] Expected 'sbtCompleteExec'
[error] Expected '__failWatch'
[error] Expected '__preWatch'
[error] Expected '__postWatch'
[error] Expected '__runWatch'
[error] Expected '__stopWatch'
[error] 4
[error] ^
[debug] > Exec(idea-shell, None, None)
